2014-12-10 7:03:18 - PHP Warning:  imagejpeg(): Unable to open '/var/www/html/misfit/image/cache/catalog/demo/apple_cinema_30-40x40.jpg' for writing: Permission denied in /var/www/html/misfit/system/library/image.php on line 45
2014-12-10 7:03:18 - PHP Warning:  imagejpeg(): Unable to open '/var/www/html/misfit/image/cache/catalog/demo/canon_eos_5d_1-40x40.jpg' for writing: Permission denied in /var/www/html/misfit/system/library/image.php on line 45
2014-12-10 7:03:18 - PHP Warning:  imagejpeg(): Unable to open '/var/www/html/misfit/image/cache/catalog/demo/hp_1-40x40.jpg' for writing: Permission denied in /var/www/html/misfit/system/library/image.php on line 45
2014-12-10 7:03:18 - PHP Warning:  imagejpeg(): Unable to open '/var/www/html/misfit/image/cache/catalog/demo/htc_touch_hd_1-40x40.jpg' for writing: Permission denied in /var/www/html/misfit/system/library/image.php on line 45
2014-12-10 7:03:18 - PHP Warning:  imagejpeg(): Unable to open '/var/www/html/misfit/image/cache/catalog/demo/imac_1-40x40.jpg' for writing: Permission denied in /var/www/html/misfit/system/library/image.php on line 45
2014-12-10 7:03:18 - PHP Warning:  imagejpeg(): Unable to open '/var/www/html/misfit/image/cache/catalog/demo/iphone_1-40x40.jpg' for writing: Permission denied in /var/www/html/misfit/system/library/image.php on line 45
2014-12-10 7:03:18 - PHP Warning:  imagejpeg(): Unable to open '/var/www/html/misfit/image/cache/catalog/demo/ipod_classic_1-40x40.jpg' for writing: Permission denied in /var/www/html/misfit/system/library/image.php on line 45
2014-12-10 7:03:18 - PHP Warning:  imagejpeg(): Unable to open '/var/www/html/misfit/image/cache/catalog/demo/ipod_nano_1-40x40.jpg' for writing: Permission denied in /var/www/html/misfit/system/library/image.php on line 45
2014-12-10 7:03:18 - PHP Warning:  imagejpeg(): Unable to open '/var/www/html/misfit/image/cache/catalog/demo/ipod_shuffle_1-40x40.jpg' for writing: Permission denied in /var/www/html/misfit/system/library/image.php on line 45
2014-12-10 7:03:18 - PHP Warning:  imagejpeg(): Unable to open '/var/www/html/misfit/image/cache/catalog/demo/ipod_touch_1-40x40.jpg' for writing: Permission denied in /var/www/html/misfit/system/library/image.php on line 45
2014-12-10 7:03:18 - PHP Warning:  imagejpeg(): Unable to open '/var/www/html/misfit/image/cache/catalog/demo/macbook_1-40x40.jpg' for writing: Permission denied in /var/www/html/misfit/system/library/image.php on line 45
2014-12-10 7:03:18 - PHP Warning:  imagejpeg(): Unable to open '/var/www/html/misfit/image/cache/catalog/demo/macbook_air_1-40x40.jpg' for writing: Permission denied in /var/www/html/misfit/system/library/image.php on line 45
2014-12-10 7:03:18 - PHP Warning:  imagejpeg(): Unable to open '/var/www/html/misfit/image/cache/catalog/demo/macbook_pro_1-40x40.jpg' for writing: Permission denied in /var/www/html/misfit/system/library/image.php on line 45
2014-12-10 7:03:18 - PHP Warning:  imagejpeg(): Unable to open '/var/www/html/misfit/image/cache/catalog/demo/nikon_d300_1-40x40.jpg' for writing: Permission denied in /var/www/html/misfit/system/library/image.php on line 45
2014-12-10 7:03:18 - PHP Warning:  imagejpeg(): Unable to open '/var/www/html/misfit/image/cache/catalog/demo/palm_treo_pro_1-40x40.jpg' for writing: Permission denied in /var/www/html/misfit/system/library/image.php on line 45
2014-12-10 7:03:18 - PHP Warning:  imagejpeg(): Unable to open '/var/www/html/misfit/image/cache/catalog/demo/samsung_syncmaster_941bw-40x40.jpg' for writing: Permission denied in /var/www/html/misfit/system/library/image.php on line 45
2014-12-10 7:03:18 - PHP Warning:  imagejpeg(): Unable to open '/var/www/html/misfit/image/cache/catalog/demo/sony_vaio_1-40x40.jpg' for writing: Permission denied in /var/www/html/misfit/system/library/image.php on line 45
2014-12-10 7:03:29 - PHP Warning:  imagejpeg(): Unable to open '/var/www/html/misfit/image/cache/catalog/demo/samsung_tab_1-100x100.jpg' for writing: Permission denied in /var/www/html/misfit/system/library/image.php on line 45
2014-12-10 7:03:29 - PHP Warning:  imagejpeg(): Unable to open '/var/www/html/misfit/image/cache/catalog/demo/samsung_tab_7-100x100.jpg' for writing: Permission denied in /var/www/html/misfit/system/library/image.php on line 45
2014-12-10 7:03:29 - PHP Warning:  imagejpeg(): Unable to open '/var/www/html/misfit/image/cache/catalog/demo/samsung_tab_6-100x100.jpg' for writing: Permission denied in /var/www/html/misfit/system/library/image.php on line 45
2014-12-10 7:03:29 - PHP Warning:  imagejpeg(): Unable to open '/var/www/html/misfit/image/cache/catalog/demo/samsung_tab_5-100x100.jpg' for writing: Permission denied in /var/www/html/misfit/system/library/image.php on line 45
2014-12-10 7:03:29 - PHP Warning:  imagejpeg(): Unable to open '/var/www/html/misfit/image/cache/catalog/demo/samsung_tab_4-100x100.jpg' for writing: Permission denied in /var/www/html/misfit/system/library/image.php on line 45
2014-12-10 7:03:29 - PHP Warning:  imagejpeg(): Unable to open '/var/www/html/misfit/image/cache/catalog/demo/samsung_tab_3-100x100.jpg' for writing: Permission denied in /var/www/html/misfit/system/library/image.php on line 45
2014-12-10 7:03:29 - PHP Warning:  imagejpeg(): Unable to open '/var/www/html/misfit/image/cache/catalog/demo/samsung_tab_2-100x100.jpg' for writing: Permission denied in /var/www/html/misfit/system/library/image.php on line 45
